2024-05-02 17:14:19 info GET /contact/3
2024-05-02 17:14:19 info GET /favicon.ico
2024-05-02 17:15:35 info GET /contact/3
2024-05-02 17:15:35 info GET /favicon.ico
2024-05-02 17:15:43 info DELETE /contact/56
2024-05-02 17:15:48 info DELETE /contact/2
2024-05-02 17:22:52 info GET /contact/3
2024-05-02 17:22:52 info GET /favicon.ico
2024-05-02 17:22:57 info GET /contact/1
2024-05-02 17:22:57 info GET /favicon.ico
2024-05-02 17:26:07 info GET /contact/1
2024-05-02 17:26:07 info GET /favicon.ico
2024-05-02 17:26:12 info GET /contact/3
2024-05-02 17:26:12 info GET /favicon.ico
2024-05-02 17:27:34 info POST /contact
2024-05-02 17:28:29 info POST /contact
2024-05-02 17:28:43 info POST /contact
2024-05-02 17:31:20 info POST /contact
2024-05-02 17:31:24 info POST /contact
2024-05-02 17:31:51 info POST /contact
2024-05-02 17:31:57 info POST /contact
2024-05-02 17:32:05 info POST /contact
2024-05-02 17:32:18 info POST /contact
2024-05-02 17:34:42 info POST /contact
2024-05-02 17:34:59 info POST /contact
2024-05-02 17:42:07 info GET /contact/3
2024-05-02 17:42:07 info GET /favicon.ico
2024-05-02 17:42:12 info POST /contact
2024-05-02 17:42:41 info POST /contact
2024-05-02 17:42:52 info POST /contact
2024-05-02 17:43:02 info POST /contact
2024-05-02 17:43:49 info POST /contact
2024-05-02 17:56:01 info DELETE /contact/id/2
2024-05-02 17:58:17 info DELETE /contact/email/alice@example.com
2024-05-02 17:59:48 info DELETE /contact/phone/987-654-3210
2024-05-02 18:02:19 info GET /contact/3
2024-05-02 18:02:19 info GET /favicon.ico
2024-05-02 18:04:05 info DELETE /contact/id/2
2024-05-02 18:04:14 info DELETE /contact/email/alice@example.com
2024-05-02 18:07:34 info DELETE /contact/email/alice@example.com
2024-05-02 18:07:42 info DELETE /contact/email/alice@example.com
2024-05-02 18:08:17 info DELETE /contact/email/alice@example.com
2024-05-02 18:10:02 info DELETE /contact/email/alice@example.com
2024-05-02 18:11:58 info DELETE /contact/email/alice@example.com
2024-05-02 18:12:04 info DELETE /contact/phone/987-654-3210
2024-05-02 18:12:11 info DELETE /contact/phone/987-654-3210
